[2023-12-29 18:51:44][193] Processing: App\Events\HelloEvent
[2023-12-29 18:51:44][193] Failed:     App\Events\HelloEvent
[2023-12-29 18:51:44][194] Processing: App\Events\HelloEvent
[2023-12-29 18:51:44][194] Failed:     App\Events\HelloEvent
[2023-12-29 18:51:44][195] Processing: App\Events\HelloEvent
[2023-12-29 18:51:44][195] Failed:     App\Events\HelloEvent
[2023-12-29 18:51:44][196] Processing: App\Events\HelloEvent
[2023-12-29 18:51:44][196] Failed:     App\Events\HelloEvent
[2023-12-29 18:51:44][197] Processing: App\Events\HelloEvent
[2023-12-29 18:51:44][197] Failed:     App\Events\HelloEvent
[2023-12-29 18:51:44][198] Processing: App\Events\HelloEvent
[2023-12-29 18:51:44][198] Failed:     App\Events\HelloEvent
[2023-12-29 18:51:44][199] Processing: App\Events\HelloEvent
[2023-12-29 18:51:44][199] Failed:     App\Events\HelloEvent
[2023-12-29 18:51:44][200] Processing: App\Events\ChatEvent
[2023-12-29 18:51:44][200] Processed:  App\Events\ChatEvent
[2023-12-29 18:51:44][201] Processing: App\Events\ChatEvent
[2023-12-29 18:51:44][201] Processed:  App\Events\ChatEvent
[2023-12-29 18:51:44][202] Processing: App\Events\ChatEvent
[2023-12-29 18:51:44][202] Processed:  App\Events\ChatEvent
[2023-12-29 18:51:44][203] Processing: App\Events\ChatEvent
[2023-12-29 18:51:44][203] Processed:  App\Events\ChatEvent
[2023-12-29 18:51:44][204] Processing: App\Events\ChatEvent
[2023-12-29 18:51:44][204] Processed:  App\Events\ChatEvent
[2023-12-29 18:51:44][205] Processing: App\Events\ChatEvent
[2023-12-29 18:51:44][205] Processed:  App\Events\ChatEvent
[2023-12-29 18:51:44][206] Processing: App\Events\ChatEvent
[2023-12-29 18:51:44][206] Processed:  App\Events\ChatEvent
[2023-12-29 18:51:44][207] Processing: App\Events\ChatEvent
[2023-12-29 18:51:44][207] Processed:  App\Events\ChatEvent
[2023-12-29 18:51:44][208] Processing: App\Events\ChatEvent
[2023-12-29 18:51:44][208] Processed:  App\Events\ChatEvent
[2023-12-29 18:51:44][209] Processing: App\Events\HelloEvent
[2023-12-29 18:51:44][209] Failed:     App\Events\HelloEvent
[2023-12-29 18:51:44][210] Processing: App\Events\HelloEvent
[2023-12-29 18:51:44][210] Failed:     App\Events\HelloEvent
[2023-12-29 18:51:44][211] Processing: App\Events\HelloEvent
[2023-12-29 18:51:44][211] Failed:     App\Events\HelloEvent
[2023-12-29 18:51:44][212] Processing: App\Events\HelloEvent
[2023-12-29 18:51:44][212] Failed:     App\Events\HelloEvent
[2023-12-29 18:51:44][213] Processing: App\Events\HelloEvent
[2023-12-29 18:51:44][213] Failed:     App\Events\HelloEvent
[2023-12-29 18:51:44][214] Processing: App\Events\HelloEvent
[2023-12-29 18:51:44][214] Failed:     App\Events\HelloEvent
[2023-12-29 18:52:14][215] Processing: App\Jobs\ImportUnit
[2023-12-29 18:52:14][215] Processed:  App\Jobs\ImportUnit
[2023-12-29 18:52:14][216] Processing: App\Jobs\ImportUnit
[2023-12-29 18:52:14][216] Processed:  App\Jobs\ImportUnit
[2023-12-29 18:52:14][217] Processing: App\Jobs\ImportUnit
[2023-12-29 18:52:14][217] Processed:  App\Jobs\ImportUnit
[2023-12-29 18:52:14][218] Processing: App\Jobs\ImportUnit
[2023-12-29 18:52:14][218] Processed:  App\Jobs\ImportUnit
[2023-12-29 18:52:14][219] Processing: App\Jobs\ImportUnit
[2023-12-29 18:52:14][219] Processed:  App\Jobs\ImportUnit
[2023-12-29 18:52:14][220] Processing: App\Jobs\ImportUnit
[2023-12-29 18:52:14][220] Processed:  App\Jobs\ImportUnit
[2023-12-29 18:52:14][221] Processing: App\Jobs\ImportUnit
[2023-12-29 18:52:14][221] Processed:  App\Jobs\ImportUnit
[2023-12-29 18:52:14][222] Processing: App\Jobs\ImportUnit
[2023-12-29 18:52:14][222] Processed:  App\Jobs\ImportUnit
[2023-12-29 18:52:14][223] Processing: App\Jobs\ImportUnit
[2023-12-29 18:52:14][223] Processed:  App\Jobs\ImportUnit
[2023-12-29 18:52:15][224] Processing: App\Jobs\ImportUnit
[2023-12-29 18:52:15][224] Processed:  App\Jobs\ImportUnit
[2023-12-29 18:52:15][225] Processing: App\Jobs\ImportUnit
[2023-12-29 18:52:15][225] Processed:  App\Jobs\ImportUnit
[2023-12-29 18:52:15][226] Processing: App\Jobs\ImportUnit
[2023-12-29 18:52:15][226] Processed:  App\Jobs\ImportUnit
[2023-12-29 18:52:15][227] Processing: App\Jobs\ImportUnit
[2023-12-29 18:52:15][227] Processed:  App\Jobs\ImportUnit
[2023-12-29 18:52:15][228] Processing: App\Jobs\ImportUnit
[2023-12-29 18:52:15][228] Processed:  App\Jobs\ImportUnit
[2023-12-29 18:52:15][229] Processing: App\Jobs\ImportUnit
[2023-12-29 18:52:15][229] Processed:  App\Jobs\ImportUnit
[2023-12-29 18:52:15][230] Processing: App\Jobs\ImportUnit
[2023-12-29 18:52:15][230] Processed:  App\Jobs\ImportUnit
[2023-12-29 18:52:15][231] Processing: App\Jobs\ImportUnit
[2023-12-29 18:52:15][231] Processed:  App\Jobs\ImportUnit
[2023-12-29 18:52:15][232] Processing: App\Jobs\ImportUnit
[2023-12-29 18:52:15][232] Processed:  App\Jobs\ImportUnit
[2023-12-29 18:52:15][233] Processing: App\Jobs\ImportUnit
[2023-12-29 18:52:15][233] Processed:  App\Jobs\ImportUnit
[2023-12-29 18:52:15][234] Processing: App\Jobs\ImportUnit
[2023-12-29 18:52:15][234] Processed:  App\Jobs\ImportUnit
[2023-12-29 18:52:15][235] Processing: App\Jobs\ImportUnit
[2023-12-29 18:52:15][235] Processed:  App\Jobs\ImportUnit
[2023-12-29 18:52:15][236] Processing: App\Jobs\ImportUnit
[2023-12-29 18:52:15][236] Processed:  App\Jobs\ImportUnit
[2023-12-29 18:52:15][237] Processing: App\Jobs\ImportUnit
[2023-12-29 18:52:15][237] Processed:  App\Jobs\ImportUnit
[2023-12-29 18:52:15][238] Processing: App\Jobs\ImportUnit
[2023-12-29 18:52:15][238] Processed:  App\Jobs\ImportUnit
[2023-12-29 18:52:15][239] Processing: App\Jobs\ImportUnit
[2023-12-29 18:52:15][239] Processed:  App\Jobs\ImportUnit
[2023-12-29 18:52:15][240] Processing: App\Jobs\ImportUnit
[2023-12-29 18:52:15][240] Processed:  App\Jobs\ImportUnit
[2023-12-29 18:52:15][241] Processing: App\Jobs\ImportUnit
[2023-12-29 18:52:15][241] Processed:  App\Jobs\ImportUnit
[2023-12-29 18:52:15][242] Processing: App\Jobs\ImportUnit
[2023-12-29 18:52:15][242] Processed:  App\Jobs\ImportUnit
[2023-12-29 18:52:15][243] Processing: App\Jobs\ImportUnit
[2023-12-29 18:52:15][243] Processed:  App\Jobs\ImportUnit
[2023-12-29 18:52:15][244] Processing: App\Jobs\ImportUnit
[2023-12-29 18:52:15][244] Processed:  App\Jobs\ImportUnit
[2023-12-29 18:52:15][245] Processing: App\Jobs\ImportUnit
[2023-12-29 18:52:15][245] Processed:  App\Jobs\ImportUnit
[2023-12-29 18:52:15][246] Processing: App\Jobs\ImportUnit
[2023-12-29 18:52:15][246] Processed:  App\Jobs\ImportUnit
[2023-12-29 18:52:15][247] Processing: App\Jobs\ImportUnit
[2023-12-29 18:52:15][247] Processed:  App\Jobs\ImportUnit
[2023-12-29 18:52:15][248] Processing: App\Jobs\ImportUnit
[2023-12-29 18:52:15][248] Processed:  App\Jobs\ImportUnit
[2023-12-29 18:52:15][249] Processing: App\Jobs\ImportUnit
[2023-12-29 18:52:15][249] Processed:  App\Jobs\ImportUnit
[2023-12-29 18:52:15][250] Processing: App\Jobs\ImportUnit
[2023-12-29 18:52:15][250] Processed:  App\Jobs\ImportUnit
[2023-12-29 18:52:15][251] Processing: App\Jobs\ImportUnit
[2023-12-29 18:52:15][251] Processed:  App\Jobs\ImportUnit
[2023-12-29 18:52:15][252] Processing: App\Jobs\ImportUnit
[2023-12-29 18:52:15][252] Processed:  App\Jobs\ImportUnit
[2023-12-29 18:52:15][253] Processing: App\Jobs\ImportUnit
[2023-12-29 18:52:15][253] Processed:  App\Jobs\ImportUnit
[2023-12-29 18:52:15][254] Processing: App\Jobs\ImportUnit
[2023-12-29 18:52:15][254] Processed:  App\Jobs\ImportUnit
[2023-12-29 18:52:15][255] Processing: App\Jobs\ImportUnit
[2023-12-29 18:52:15][255] Processed:  App\Jobs\ImportUnit
[2023-12-29 18:52:15][256] Processing: App\Jobs\ImportUnit
[2023-12-29 18:52:15][256] Processed:  App\Jobs\ImportUnit
[2023-12-29 18:52:15][257] Processing: App\Jobs\ImportUnit
[2023-12-29 18:52:15][257] Processed:  App\Jobs\ImportUnit
[2023-12-29 18:52:15][258] Processing: App\Jobs\ImportUnit
[2023-12-29 18:52:15][258] Processed:  App\Jobs\ImportUnit
[2023-12-29 18:52:15][259] Processing: App\Jobs\ImportUnit
[2023-12-29 18:52:15][259] Processed:  App\Jobs\ImportUnit
[2023-12-29 18:52:15][260] Processing: App\Jobs\ImportUnit
[2023-12-29 18:52:15][260] Processed:  App\Jobs\ImportUnit
[2023-12-29 18:52:15][261] Processing: App\Jobs\ImportUnit
[2023-12-29 18:52:15][261] Processed:  App\Jobs\ImportUnit
[2023-12-29 18:52:15][262] Processing: App\Jobs\ImportUnit
[2023-12-29 18:52:15][262] Processed:  App\Jobs\ImportUnit
[2023-12-29 18:52:15][263] Processing: App\Jobs\ImportUnit
[2023-12-29 18:52:15][263] Processed:  App\Jobs\ImportUnit
[2023-12-29 18:52:15][264] Processing: App\Jobs\ImportUnit
[2023-12-29 18:52:15][264] Processed:  App\Jobs\ImportUnit
[2023-12-29 18:52:15][265] Processing: App\Jobs\ImportUnit
[2023-12-29 18:52:15][265] Processed:  App\Jobs\ImportUnit
[2023-12-29 18:52:15][266] Processing: App\Jobs\ImportUnit
[2023-12-29 18:52:15][266] Processed:  App\Jobs\ImportUnit
[2023-12-29 18:52:15][267] Processing: App\Jobs\ImportUnit
[2023-12-29 18:52:15][267] Processed:  App\Jobs\ImportUnit
[2023-12-29 18:52:15][268] Processing: App\Jobs\ImportUnit
[2023-12-29 18:52:15][268] Processed:  App\Jobs\ImportUnit
[2023-12-29 18:52:15][269] Processing: App\Jobs\ImportUnit
[2023-12-29 18:52:15][269] Processed:  App\Jobs\ImportUnit
[2023-12-29 18:52:15][270] Processing: App\Jobs\ImportUnit
[2023-12-29 18:52:15][270] Processed:  App\Jobs\ImportUnit
[2023-12-29 18:52:15][271] Processing: App\Jobs\ImportUnit
[2023-12-29 18:52:15][271] Processed:  App\Jobs\ImportUnit
[2023-12-29 18:52:15][272] Processing: App\Jobs\ImportUnit
[2023-12-29 18:52:15][272] Processed:  App\Jobs\ImportUnit
[2023-12-29 18:52:15][273] Processing: App\Jobs\ImportUnit
[2023-12-29 18:52:15][273] Processed:  App\Jobs\ImportUnit
[2023-12-29 18:52:15][274] Processing: App\Jobs\ImportUnit
[2023-12-29 18:52:15][274] Processed:  App\Jobs\ImportUnit
[2023-12-29 18:52:15][275] Processing: App\Jobs\ImportUnit
[2023-12-29 18:52:15][275] Processed:  App\Jobs\ImportUnit
[2023-12-29 18:52:15][276] Processing: App\Jobs\ImportUnit
[2023-12-29 18:52:15][276] Processed:  App\Jobs\ImportUnit
[2023-12-29 18:52:15][277] Processing: App\Jobs\ImportUnit
[2023-12-29 18:52:15][277] Processed:  App\Jobs\ImportUnit
[2023-12-29 18:52:15][278] Processing: App\Jobs\ImportUnit
[2023-12-29 18:52:15][278] Processed:  App\Jobs\ImportUnit
[2023-12-29 18:52:15][279] Processing: App\Jobs\ImportUnit
[2023-12-29 18:52:15][279] Processed:  App\Jobs\ImportUnit
[2023-12-29 18:52:15][280] Processing: App\Jobs\ImportUnit
[2023-12-29 18:52:15][280] Processed:  App\Jobs\ImportUnit
[2023-12-29 18:52:15][281] Processing: App\Jobs\ImportUnit
[2023-12-29 18:52:15][281] Processed:  App\Jobs\ImportUnit
[2023-12-29 18:52:15][282] Processing: App\Jobs\ImportUnit
[2023-12-29 18:52:15][282] Processed:  App\Jobs\ImportUnit
[2023-12-29 18:52:15][283] Processing: App\Jobs\ImportUnit
[2023-12-29 18:52:15][283] Processed:  App\Jobs\ImportUnit
[2023-12-29 18:52:15][284] Processing: App\Jobs\ImportUnit
[2023-12-29 18:52:15][284] Processed:  App\Jobs\ImportUnit
[2023-12-29 18:52:15][285] Processing: App\Jobs\ImportUnit
[2023-12-29 18:52:15][285] Processed:  App\Jobs\ImportUnit
[2023-12-29 18:52:15][286] Processing: App\Jobs\ImportUnit
[2023-12-29 18:52:15][286] Processed:  App\Jobs\ImportUnit
[2023-12-29 18:52:15][287] Processing: App\Jobs\ImportUnit
[2023-12-29 18:52:15][287] Processed:  App\Jobs\ImportUnit
[2023-12-29 18:52:15][288] Processing: App\Jobs\ImportUnit
[2023-12-29 18:52:15][288] Processed:  App\Jobs\ImportUnit
[2023-12-29 18:52:15][289] Processing: App\Jobs\ImportUnit
[2023-12-29 18:52:15][289] Processed:  App\Jobs\ImportUnit
[2023-12-29 18:52:15][290] Processing: App\Jobs\ImportUnit
[2023-12-29 18:52:15][290] Processed:  App\Jobs\ImportUnit
[2023-12-29 18:52:15][291] Processing: App\Jobs\ImportUnit
[2023-12-29 18:52:15][291] Processed:  App\Jobs\ImportUnit
[2023-12-29 18:52:15][292] Processing: App\Jobs\ImportUnit
[2023-12-29 18:52:15][292] Processed:  App\Jobs\ImportUnit
[2023-12-29 18:52:15][293] Processing: App\Jobs\ImportUnit
[2023-12-29 18:52:16][293] Processed:  App\Jobs\ImportUnit
[2023-12-29 18:52:16][294] Processing: App\Jobs\ImportUnit
[2023-12-29 18:52:16][294] Processed:  App\Jobs\ImportUnit
[2023-12-29 18:52:16][295] Processing: App\Jobs\ImportUnit
[2023-12-29 18:52:16][295] Processed:  App\Jobs\ImportUnit
[2023-12-29 18:52:16][296] Processing: App\Jobs\ImportUnit
[2023-12-29 18:52:16][296] Processed:  App\Jobs\ImportUnit
[2023-12-29 18:52:16][297] Processing: App\Jobs\ImportUnit
[2023-12-29 18:52:16][297] Processed:  App\Jobs\ImportUnit
[2023-12-29 18:52:16][298] Processing: App\Jobs\ImportUnit
[2023-12-29 18:52:16][298] Processed:  App\Jobs\ImportUnit
[2023-12-29 18:52:16][299] Processing: App\Jobs\ImportUnit
[2023-12-29 18:52:16][299] Processed:  App\Jobs\ImportUnit
[2023-12-29 18:52:16][300] Processing: App\Jobs\ImportUnit
[2023-12-29 18:52:16][300] Processed:  App\Jobs\ImportUnit
[2023-12-29 18:52:16][301] Processing: App\Jobs\ImportUnit
[2023-12-29 18:52:16][301] Processed:  App\Jobs\ImportUnit
[2023-12-29 18:52:16][302] Processing: App\Jobs\ImportUnit
[2023-12-29 18:52:16][302] Processed:  App\Jobs\ImportUnit
[2023-12-29 18:52:16][303] Processing: App\Jobs\ImportUnit
[2023-12-29 18:52:16][303] Processed:  App\Jobs\ImportUnit
[2023-12-29 18:52:16][304] Processing: App\Jobs\ImportUnit
[2023-12-29 18:52:16][304] Processed:  App\Jobs\ImportUnit
[2023-12-29 18:52:16][305] Processing: App\Jobs\ImportUnit
[2023-12-29 18:52:16][305] Processed:  App\Jobs\ImportUnit
[2023-12-29 18:52:16][306] Processing: App\Jobs\ImportUnit
[2023-12-29 18:52:16][306] Processed:  App\Jobs\ImportUnit
[2023-12-29 18:52:16][307] Processing: App\Jobs\ImportUnit
[2023-12-29 18:52:16][307] Processed:  App\Jobs\ImportUnit
[2023-12-29 18:52:16][308] Processing: App\Jobs\ImportUnit
[2023-12-29 18:52:16][308] Processed:  App\Jobs\ImportUnit
[2023-12-29 18:52:16][309] Processing: App\Jobs\ImportUnit
[2023-12-29 18:52:16][309] Processed:  App\Jobs\ImportUnit
[2023-12-29 18:52:16][310] Processing: App\Jobs\ImportUnit
[2023-12-29 18:52:16][310] Processed:  App\Jobs\ImportUnit
[2023-12-29 18:52:16][311] Processing: App\Jobs\ImportUnit
[2023-12-29 18:52:16][311] Processed:  App\Jobs\ImportUnit
[2023-12-29 18:52:16][312] Processing: App\Jobs\ImportUnit
[2023-12-29 18:52:16][312] Processed:  App\Jobs\ImportUnit
[2023-12-29 18:52:16][313] Processing: App\Jobs\ImportUnit
[2023-12-29 18:52:16][313] Processed:  App\Jobs\ImportUnit
[2023-12-29 18:52:16][314] Processing: App\Jobs\ImportUnit
[2023-12-29 18:52:16][314] Processed:  App\Jobs\ImportUnit
[2023-12-29 18:52:16][315] Processing: App\Jobs\ImportUnit
[2023-12-29 18:52:16][315] Processed:  App\Jobs\ImportUnit
[2023-12-29 18:52:16][316] Processing: App\Jobs\ImportUnit
[2023-12-29 18:52:16][316] Processed:  App\Jobs\ImportUnit
[2023-12-29 18:52:16][317] Processing: App\Jobs\ImportUnit
[2023-12-29 18:52:16][317] Processed:  App\Jobs\ImportUnit
[2023-12-29 18:52:16][318] Processing: App\Jobs\ImportUnit
[2023-12-29 18:52:16][318] Processed:  App\Jobs\ImportUnit
[2023-12-29 18:52:16][319] Processing: App\Jobs\ImportUnit
[2023-12-29 18:52:16][319] Processed:  App\Jobs\ImportUnit
[2023-12-29 18:52:16][320] Processing: App\Jobs\ImportUnit
[2023-12-29 18:52:16][320] Processed:  App\Jobs\ImportUnit
[2023-12-29 18:52:16][321] Processing: App\Jobs\ImportUnit
[2023-12-29 18:52:16][321] Processed:  App\Jobs\ImportUnit
[2023-12-29 18:52:16][322] Processing: App\Jobs\ImportUnit
[2023-12-29 18:52:16][322] Processed:  App\Jobs\ImportUnit
[2023-12-29 18:52:16][323] Processing: App\Jobs\ImportUnit
[2023-12-29 18:52:16][323] Processed:  App\Jobs\ImportUnit
[2023-12-29 18:52:16][324] Processing: App\Jobs\ImportUnit
[2023-12-29 18:52:16][324] Processed:  App\Jobs\ImportUnit
[2023-12-29 18:52:16][325] Processing: App\Jobs\ImportUnit
[2023-12-29 18:52:16][325] Processed:  App\Jobs\ImportUnit
[2023-12-29 18:52:16][326] Processing: App\Jobs\ImportUnit
[2023-12-29 18:52:16][326] Processed:  App\Jobs\ImportUnit
[2023-12-29 18:52:16][327] Processing: App\Jobs\ImportUnit
[2023-12-29 18:52:16][327] Processed:  App\Jobs\ImportUnit
[2023-12-29 18:52:16][328] Processing: App\Jobs\ImportUnit
[2023-12-29 18:52:16][328] Processed:  App\Jobs\ImportUnit
[2023-12-29 18:52:16][329] Processing: App\Jobs\ImportUnit
[2023-12-29 18:52:16][329] Processed:  App\Jobs\ImportUnit
[2023-12-29 18:52:16][330] Processing: App\Jobs\ImportUnit
[2023-12-29 18:52:16][330] Processed:  App\Jobs\ImportUnit
[2023-12-29 18:52:16][331] Processing: App\Jobs\ImportUnit
[2023-12-29 18:52:16][331] Processed:  App\Jobs\ImportUnit
[2023-12-29 18:52:16][332] Processing: App\Jobs\ImportUnit
[2023-12-29 18:52:16][332] Processed:  App\Jobs\ImportUnit
[2023-12-29 18:52:16][333] Processing: App\Jobs\ImportUnit
[2023-12-29 18:52:16][333] Processed:  App\Jobs\ImportUnit
[2023-12-29 18:52:16][334] Processing: App\Jobs\ImportUnit
[2023-12-29 18:52:16][334] Processed:  App\Jobs\ImportUnit
[2023-12-29 18:52:16][335] Processing: App\Jobs\ImportUnit
[2023-12-29 18:52:16][335] Processed:  App\Jobs\ImportUnit
[2023-12-29 18:52:16][336] Processing: App\Jobs\ImportUnit
[2023-12-29 18:52:16][336] Processed:  App\Jobs\ImportUnit
[2023-12-29 18:52:16][337] Processing: App\Jobs\ImportUnit
[2023-12-29 18:52:16][337] Processed:  App\Jobs\ImportUnit
[2023-12-29 18:52:16][338] Processing: App\Jobs\ImportUnit
[2023-12-29 18:52:16][338] Processed:  App\Jobs\ImportUnit
[2023-12-29 18:52:16][339] Processing: App\Jobs\ImportUnit
[2023-12-29 18:52:16][339] Processed:  App\Jobs\ImportUnit
[2023-12-29 18:52:16][340] Processing: App\Jobs\ImportUnit
[2023-12-29 18:52:16][340] Processed:  App\Jobs\ImportUnit
[2023-12-29 18:52:16][341] Processing: App\Jobs\ImportUnit
[2023-12-29 18:52:16][341] Processed:  App\Jobs\ImportUnit
[2023-12-29 18:52:16][342] Processing: App\Jobs\ImportUnit
[2023-12-29 18:52:16][342] Processed:  App\Jobs\ImportUnit
[2023-12-29 18:52:16][343] Processing: App\Jobs\ImportUnit
[2023-12-29 18:52:16][343] Processed:  App\Jobs\ImportUnit
[2023-12-29 18:52:16][344] Processing: App\Jobs\ImportUnit
[2023-12-29 18:52:16][344] Processed:  App\Jobs\ImportUnit
[2023-12-29 18:52:16][345] Processing: App\Jobs\ImportUnit
[2023-12-29 18:52:16][345] Processed:  App\Jobs\ImportUnit
[2023-12-29 18:52:16][346] Processing: App\Jobs\ImportUnit
[2023-12-29 18:52:16][346] Processed:  App\Jobs\ImportUnit
[2023-12-29 18:52:16][347] Processing: App\Jobs\ImportUnit
[2023-12-29 18:52:16][347] Processed:  App\Jobs\ImportUnit
[2023-12-29 18:52:16][348] Processing: App\Jobs\ImportUnit
[2023-12-29 18:52:16][348] Processed:  App\Jobs\ImportUnit
[2023-12-29 18:52:16][349] Processing: App\Jobs\ImportUnit
[2023-12-29 18:52:16][349] Processed:  App\Jobs\ImportUnit
[2023-12-29 18:52:16][350] Processing: App\Jobs\ImportUnit
[2023-12-29 18:52:16][350] Processed:  App\Jobs\ImportUnit
[2023-12-29 18:52:16][351] Processing: App\Jobs\ImportUnit
[2023-12-29 18:52:16][351] Processed:  App\Jobs\ImportUnit
[2023-12-29 18:52:16][352] Processing: App\Jobs\ImportUnit
[2023-12-29 18:52:16][352] Processed:  App\Jobs\ImportUnit
[2023-12-29 18:52:16][353] Processing: App\Jobs\ImportUnit
[2023-12-29 18:52:16][353] Processed:  App\Jobs\ImportUnit
[2023-12-29 18:52:16][354] Processing: App\Jobs\ImportUnit
[2023-12-29 18:52:16][354] Processed:  App\Jobs\ImportUnit
[2023-12-29 18:52:16][355] Processing: App\Jobs\ImportUnit
[2023-12-29 18:52:16][355] Processed:  App\Jobs\ImportUnit
[2023-12-29 18:52:16][356] Processing: App\Jobs\ImportUnit
[2023-12-29 18:52:16][356] Processed:  App\Jobs\ImportUnit
[2023-12-29 18:52:16][357] Processing: App\Jobs\ImportUnit
[2023-12-29 18:52:16][357] Processed:  App\Jobs\ImportUnit
[2023-12-29 18:52:16][358] Processing: App\Jobs\ImportUnit
[2023-12-29 18:52:16][358] Processed:  App\Jobs\ImportUnit
[2023-12-29 18:52:16][359] Processing: App\Jobs\ImportUnit
[2023-12-29 18:52:16][359] Processed:  App\Jobs\ImportUnit
[2023-12-29 18:52:16][360] Processing: App\Jobs\ImportUnit
[2023-12-29 18:52:16][360] Processed:  App\Jobs\ImportUnit
[2023-12-29 18:52:16][361] Processing: App\Jobs\ImportUnit
[2023-12-29 18:52:16][361] Processed:  App\Jobs\ImportUnit
[2023-12-29 18:52:16][362] Processing: App\Jobs\ImportUnit
[2023-12-29 18:52:17][362] Processed:  App\Jobs\ImportUnit
[2023-12-29 18:52:17][363] Processing: App\Jobs\ImportUnit
[2023-12-29 18:52:17][363] Processed:  App\Jobs\ImportUnit
[2023-12-29 18:52:17][364] Processing: App\Jobs\ImportUnit
[2023-12-29 18:52:17][364] Processed:  App\Jobs\ImportUnit
[2023-12-29 18:52:17][365] Processing: App\Jobs\ImportUnit
[2023-12-29 18:52:17][365] Processed:  App\Jobs\ImportUnit
[2023-12-29 18:52:17][366] Processing: App\Jobs\ImportUnit
[2023-12-29 18:52:17][366] Processed:  App\Jobs\ImportUnit
[2023-12-29 18:52:17][367] Processing: App\Jobs\ImportUnit
[2023-12-29 18:52:17][367] Processed:  App\Jobs\ImportUnit
[2023-12-29 18:52:17][368] Processing: App\Jobs\ImportUnit
[2023-12-29 18:52:17][368] Processed:  App\Jobs\ImportUnit
[2023-12-29 18:52:17][369] Processing: App\Jobs\ImportUnit
[2023-12-29 18:52:17][369] Processed:  App\Jobs\ImportUnit
[2023-12-29 18:52:17][370] Processing: App\Jobs\ImportUnit
[2023-12-29 18:52:17][370] Processed:  App\Jobs\ImportUnit
[2023-12-29 18:52:17][371] Processing: App\Jobs\ImportUnit
[2023-12-29 18:52:17][371] Processed:  App\Jobs\ImportUnit
[2023-12-29 18:52:17][372] Processing: App\Jobs\ImportUnit
[2023-12-29 18:52:17][372] Processed:  App\Jobs\ImportUnit
[2023-12-29 18:52:17][373] Processing: App\Jobs\ImportUnit
[2023-12-29 18:52:17][373] Processed:  App\Jobs\ImportUnit
[2023-12-29 18:52:17][374] Processing: App\Jobs\ImportUnit
[2023-12-29 18:52:17][374] Processed:  App\Jobs\ImportUnit
[2023-12-29 18:52:17][375] Processing: App\Jobs\ImportUnit
[2023-12-29 18:52:17][375] Processed:  App\Jobs\ImportUnit
[2023-12-29 18:52:17][376] Processing: App\Jobs\ImportUnit
[2023-12-29 18:52:17][376] Processed:  App\Jobs\ImportUnit
[2023-12-29 18:52:17][377] Processing: App\Jobs\ImportUnit
[2023-12-29 18:52:17][377] Processed:  App\Jobs\ImportUnit
[2023-12-29 18:52:17][378] Processing: App\Jobs\ImportUnit
[2023-12-29 18:52:17][378] Processed:  App\Jobs\ImportUnit
[2023-12-29 18:52:17][379] Processing: App\Jobs\ImportUnit
[2023-12-29 18:52:17][379] Processed:  App\Jobs\ImportUnit
[2023-12-29 18:52:17][380] Processing: App\Jobs\ImportUnit
[2023-12-29 18:52:17][380] Processed:  App\Jobs\ImportUnit
[2023-12-29 18:52:17][381] Processing: App\Jobs\ImportUnit
[2023-12-29 18:52:17][381] Processed:  App\Jobs\ImportUnit
[2023-12-29 18:52:17][382] Processing: App\Jobs\ImportUnit
[2023-12-29 18:52:17][382] Processed:  App\Jobs\ImportUnit
[2023-12-29 18:52:17][383] Processing: App\Jobs\ImportUnit
[2023-12-29 18:52:17][383] Processed:  App\Jobs\ImportUnit
[2023-12-29 18:52:17][384] Processing: App\Jobs\ImportUnit
[2023-12-29 18:52:17][384] Processed:  App\Jobs\ImportUnit
[2023-12-29 18:52:17][385] Processing: App\Jobs\ImportUnit
[2023-12-29 18:52:17][385] Processed:  App\Jobs\ImportUnit
[2023-12-29 18:52:17][386] Processing: App\Jobs\ImportUnit
[2023-12-29 18:52:17][386] Processed:  App\Jobs\ImportUnit
[2023-12-29 18:52:17][387] Processing: App\Jobs\ImportUnit
[2023-12-29 18:52:17][387] Processed:  App\Jobs\ImportUnit
[2023-12-29 18:52:17][388] Processing: App\Jobs\ImportUnit
[2023-12-29 18:52:17][388] Processed:  App\Jobs\ImportUnit
[2023-12-29 18:52:17][389] Processing: App\Jobs\ImportUnit
[2023-12-29 18:52:17][389] Processed:  App\Jobs\ImportUnit
[2023-12-29 18:52:17][390] Processing: App\Jobs\ImportUnit
[2023-12-29 18:52:17][390] Processed:  App\Jobs\ImportUnit
[2023-12-29 18:52:17][391] Processing: App\Jobs\ImportUnit
[2023-12-29 18:52:17][391] Processed:  App\Jobs\ImportUnit
[2023-12-29 18:52:17][392] Processing: App\Jobs\ImportUnit
[2023-12-29 18:52:17][392] Processed:  App\Jobs\ImportUnit
[2023-12-29 18:52:17][393] Processing: App\Jobs\ImportUnit
[2023-12-29 18:52:17][393] Processed:  App\Jobs\ImportUnit
[2023-12-29 18:52:17][394] Processing: App\Jobs\ImportUnit
[2023-12-29 18:52:17][394] Processed:  App\Jobs\ImportUnit
[2023-12-29 18:52:17][395] Processing: App\Jobs\ImportUnit
[2023-12-29 18:52:17][395] Processed:  App\Jobs\ImportUnit
[2023-12-29 18:52:17][396] Processing: App\Jobs\ImportUnit
[2023-12-29 18:52:17][396] Processed:  App\Jobs\ImportUnit
[2023-12-29 18:52:17][397] Processing: App\Jobs\ImportUnit
[2023-12-29 18:52:17][397] Processed:  App\Jobs\ImportUnit
[2023-12-29 18:52:17][398] Processing: App\Jobs\ImportUnit
[2023-12-29 18:52:17][398] Processed:  App\Jobs\ImportUnit
[2023-12-29 18:52:17][399] Processing: App\Jobs\ImportUnit
[2023-12-29 18:52:17][399] Processed:  App\Jobs\ImportUnit
[2023-12-29 18:52:17][400] Processing: App\Jobs\ImportUnit
[2023-12-29 18:52:17][400] Processed:  App\Jobs\ImportUnit
[2023-12-29 18:52:17][401] Processing: App\Jobs\ImportUnit
[2023-12-29 18:52:17][401] Processed:  App\Jobs\ImportUnit
[2023-12-29 18:52:17][402] Processing: App\Jobs\ImportUnit
[2023-12-29 18:52:17][402] Processed:  App\Jobs\ImportUnit
[2023-12-29 18:52:17][403] Processing: App\Jobs\ImportUnit
[2023-12-29 18:52:17][403] Processed:  App\Jobs\ImportUnit
[2023-12-29 18:52:17][404] Processing: App\Jobs\ImportUnit
[2023-12-29 18:52:17][404] Processed:  App\Jobs\ImportUnit
[2023-12-29 18:52:17][405] Processing: App\Jobs\ImportUnit
[2023-12-29 18:52:17][405] Processed:  App\Jobs\ImportUnit
[2023-12-29 18:52:17][406] Processing: App\Jobs\ImportUnit
[2023-12-29 18:52:17][406] Processed:  App\Jobs\ImportUnit
[2023-12-29 18:52:17][407] Processing: App\Jobs\ImportUnit
[2023-12-29 18:52:17][407] Processed:  App\Jobs\ImportUnit
[2023-12-29 18:52:17][408] Processing: App\Jobs\ImportUnit
[2023-12-29 18:52:17][408] Processed:  App\Jobs\ImportUnit
[2023-12-29 18:52:17][409] Processing: App\Jobs\ImportUnit
[2023-12-29 18:52:17][409] Processed:  App\Jobs\ImportUnit
[2023-12-29 18:52:17][410] Processing: App\Jobs\ImportUnit
[2023-12-29 18:52:17][410] Processed:  App\Jobs\ImportUnit
[2023-12-29 18:52:17][411] Processing: App\Jobs\ImportUnit
[2023-12-29 18:52:17][411] Processed:  App\Jobs\ImportUnit
[2023-12-29 18:52:17][412] Processing: App\Jobs\ImportUnit
[2023-12-29 18:52:17][412] Processed:  App\Jobs\ImportUnit
[2023-12-29 18:52:17][413] Processing: App\Jobs\ImportUnit
[2023-12-29 18:52:17][413] Processed:  App\Jobs\ImportUnit
[2023-12-29 18:52:17][414] Processing: App\Jobs\ImportUnit
[2023-12-29 18:52:17][414] Processed:  App\Jobs\ImportUnit
[2023-12-29 18:52:17][415] Processing: App\Jobs\ImportUnit
[2023-12-29 18:52:17][415] Processed:  App\Jobs\ImportUnit
[2023-12-29 18:52:17][416] Processing: App\Jobs\ImportUnit
[2023-12-29 18:52:17][416] Processed:  App\Jobs\ImportUnit
[2023-12-29 18:52:17][417] Processing: App\Jobs\ImportUnit
[2023-12-29 18:52:17][417] Processed:  App\Jobs\ImportUnit
[2023-12-29 18:52:17][418] Processing: App\Jobs\ImportUnit
[2023-12-29 18:52:17][418] Processed:  App\Jobs\ImportUnit
[2023-12-29 18:53:59][419] Processing: App\Jobs\ImportUnit
[2023-12-29 18:53:59][419] Processed:  App\Jobs\ImportUnit
[2023-12-29 18:53:59][420] Processing: App\Jobs\ImportUnit
[2023-12-29 18:53:59][420] Processed:  App\Jobs\ImportUnit
[2023-12-29 18:53:59][421] Processing: App\Jobs\ImportUnit
[2023-12-29 18:53:59][421] Processed:  App\Jobs\ImportUnit
[2023-12-29 18:53:59][422] Processing: App\Jobs\ImportUnit
[2023-12-29 18:53:59][422] Processed:  App\Jobs\ImportUnit
[2023-12-29 18:53:59][423] Processing: App\Jobs\ImportUnit
[2023-12-29 18:53:59][423] Processed:  App\Jobs\ImportUnit
[2023-12-29 18:53:59][424] Processing: App\Jobs\ImportUnit
[2023-12-29 18:53:59][424] Processed:  App\Jobs\ImportUnit
[2023-12-29 18:53:59][425] Processing: App\Jobs\ImportUnit
[2023-12-29 18:53:59][425] Processed:  App\Jobs\ImportUnit
[2023-12-29 18:53:59][426] Processing: App\Jobs\ImportUnit
[2023-12-29 18:53:59][426] Processed:  App\Jobs\ImportUnit
[2023-12-29 18:53:59][427] Processing: App\Jobs\ImportUnit
[2023-12-29 18:53:59][427] Processed:  App\Jobs\ImportUnit
[2023-12-29 18:54:00][428] Processing: App\Jobs\ImportUnit
[2023-12-29 18:54:00][428] Processed:  App\Jobs\ImportUnit
[2023-12-29 18:54:00][429] Processing: App\Jobs\ImportUnit
[2023-12-29 18:54:00][429] Processed:  App\Jobs\ImportUnit
[2023-12-29 18:54:00][430] Processing: App\Jobs\ImportUnit
[2023-12-29 18:54:00][430] Processed:  App\Jobs\ImportUnit
[2023-12-29 18:54:00][431] Processing: App\Jobs\ImportUnit
[2023-12-29 18:54:00][431] Processed:  App\Jobs\ImportUnit
[2023-12-29 18:54:00][432] Processing: App\Jobs\ImportUnit
[2023-12-29 18:54:00][432] Processed:  App\Jobs\ImportUnit
[2023-12-29 18:54:00][433] Processing: App\Jobs\ImportUnit
[2023-12-29 18:54:00][433] Processed:  App\Jobs\ImportUnit
[2023-12-29 18:54:00][434] Processing: App\Jobs\ImportUnit
[2023-12-29 18:54:00][434] Processed:  App\Jobs\ImportUnit
[2023-12-29 18:54:00][435] Processing: App\Jobs\ImportUnit
[2023-12-29 18:54:00][435] Processed:  App\Jobs\ImportUnit
[2023-12-29 18:54:00][436] Processing: App\Jobs\ImportUnit
[2023-12-29 18:54:00][436] Processed:  App\Jobs\ImportUnit
[2023-12-29 18:54:00][437] Processing: App\Jobs\ImportUnit
[2023-12-29 18:54:00][437] Processed:  App\Jobs\ImportUnit
[2023-12-29 18:54:00][438] Processing: App\Jobs\ImportUnit
[2023-12-29 18:54:00][438] Processed:  App\Jobs\ImportUnit
[2023-12-29 18:54:00][439] Processing: App\Jobs\ImportUnit
[2023-12-29 18:54:00][439] Processed:  App\Jobs\ImportUnit
[2023-12-29 18:54:00][440] Processing: App\Jobs\ImportUnit
[2023-12-29 18:54:00][440] Processed:  App\Jobs\ImportUnit
[2023-12-29 18:54:00][441] Processing: App\Jobs\ImportUnit
[2023-12-29 18:54:00][441] Processed:  App\Jobs\ImportUnit
[2023-12-29 18:54:00][442] Processing: App\Jobs\ImportUnit
[2023-12-29 18:54:00][442] Processed:  App\Jobs\ImportUnit
[2023-12-29 18:54:00][443] Processing: App\Jobs\ImportUnit
[2023-12-29 18:54:00][443] Processed:  App\Jobs\ImportUnit
[2023-12-29 18:54:00][444] Processing: App\Jobs\ImportUnit
[2023-12-29 18:54:00][444] Processed:  App\Jobs\ImportUnit
[2023-12-29 18:54:00][445] Processing: App\Jobs\ImportUnit
[2023-12-29 18:54:00][445] Processed:  App\Jobs\ImportUnit
[2023-12-29 18:54:00][446] Processing: App\Jobs\ImportUnit
[2023-12-29 18:54:00][446] Processed:  App\Jobs\ImportUnit
[2023-12-29 18:54:00][447] Processing: App\Jobs\ImportUnit
[2023-12-29 18:54:00][447] Processed:  App\Jobs\ImportUnit
[2023-12-29 18:54:00][448] Processing: App\Jobs\ImportUnit
[2023-12-29 18:54:00][448] Processed:  App\Jobs\ImportUnit
[2023-12-29 18:54:00][449] Processing: App\Jobs\ImportUnit
[2023-12-29 18:54:00][449] Processed:  App\Jobs\ImportUnit
[2023-12-29 18:54:00][450] Processing: App\Jobs\ImportUnit
[2023-12-29 18:54:00][450] Processed:  App\Jobs\ImportUnit
[2023-12-29 18:54:00][451] Processing: App\Jobs\ImportUnit
[2023-12-29 18:54:00][451] Processed:  App\Jobs\ImportUnit
[2023-12-29 18:54:00][452] Processing: App\Jobs\ImportUnit
[2023-12-29 18:54:00][452] Processed:  App\Jobs\ImportUnit
[2023-12-29 18:54:00][453] Processing: App\Jobs\ImportUnit
[2023-12-29 18:54:00][453] Processed:  App\Jobs\ImportUnit
[2023-12-29 18:54:00][454] Processing: App\Jobs\ImportUnit
[2023-12-29 18:54:00][454] Processed:  App\Jobs\ImportUnit
[2023-12-29 18:54:00][455] Processing: App\Jobs\ImportUnit
[2023-12-29 18:54:00][455] Processed:  App\Jobs\ImportUnit
[2023-12-29 18:54:00][456] Processing: App\Jobs\ImportUnit
[2023-12-29 18:54:00][456] Processed:  App\Jobs\ImportUnit
[2023-12-29 18:54:00][457] Processing: App\Jobs\ImportUnit
[2023-12-29 18:54:00][457] Processed:  App\Jobs\ImportUnit
[2023-12-29 18:54:00][458] Processing: App\Jobs\ImportUnit
[2023-12-29 18:54:00][458] Processed:  App\Jobs\ImportUnit
[2023-12-29 18:54:00][459] Processing: App\Jobs\ImportUnit
[2023-12-29 18:54:00][459] Processed:  App\Jobs\ImportUnit
[2023-12-29 18:54:00][460] Processing: App\Jobs\ImportUnit
[2023-12-29 18:54:00][460] Processed:  App\Jobs\ImportUnit
[2023-12-29 18:54:00][461] Processing: App\Jobs\ImportUnit
[2023-12-29 18:54:00][461] Processed:  App\Jobs\ImportUnit
[2023-12-29 18:54:00][462] Processing: App\Jobs\ImportUnit
[2023-12-29 18:54:00][462] Processed:  App\Jobs\ImportUnit
[2023-12-29 18:54:00][463] Processing: App\Jobs\ImportUnit
[2023-12-29 18:54:00][463] Processed:  App\Jobs\ImportUnit
[2023-12-29 18:54:00][464] Processing: App\Jobs\ImportUnit
[2023-12-29 18:54:00][464] Processed:  App\Jobs\ImportUnit
[2023-12-29 18:54:00][465] Processing: App\Jobs\ImportUnit
[2023-12-29 18:54:00][465] Processed:  App\Jobs\ImportUnit
[2023-12-29 18:54:00][466] Processing: App\Jobs\ImportUnit
[2023-12-29 18:54:00][466] Processed:  App\Jobs\ImportUnit
[2023-12-29 18:54:00][467] Processing: App\Jobs\ImportUnit
[2023-12-29 18:54:00][467] Processed:  App\Jobs\ImportUnit
[2023-12-29 18:54:00][468] Processing: App\Jobs\ImportUnit
[2023-12-29 18:54:00][468] Processed:  App\Jobs\ImportUnit
[2023-12-29 18:54:00][469] Processing: App\Jobs\ImportUnit
[2023-12-29 18:54:00][469] Processed:  App\Jobs\ImportUnit
[2023-12-29 18:54:00][470] Processing: App\Jobs\ImportUnit
[2023-12-29 18:54:00][470] Processed:  App\Jobs\ImportUnit
[2023-12-29 18:54:00][471] Processing: App\Jobs\ImportUnit
[2023-12-29 18:54:00][471] Processed:  App\Jobs\ImportUnit
[2023-12-29 18:54:00][472] Processing: App\Jobs\ImportUnit
[2023-12-29 18:54:00][472] Processed:  App\Jobs\ImportUnit
[2023-12-29 18:54:00][473] Processing: App\Jobs\ImportUnit
[2023-12-29 18:54:00][473] Processed:  App\Jobs\ImportUnit
[2023-12-29 18:54:00][474] Processing: App\Jobs\ImportUnit
[2023-12-29 18:54:00][474] Processed:  App\Jobs\ImportUnit
[2023-12-29 18:54:00][475] Processing: App\Jobs\ImportUnit
[2023-12-29 18:54:00][475] Processed:  App\Jobs\ImportUnit
[2023-12-29 18:54:00][476] Processing: App\Jobs\ImportUnit
[2023-12-29 18:54:00][476] Processed:  App\Jobs\ImportUnit
[2023-12-29 18:54:00][477] Processing: App\Jobs\ImportUnit
[2023-12-29 18:54:00][477] Processed:  App\Jobs\ImportUnit
[2023-12-29 18:54:00][478] Processing: App\Jobs\ImportUnit
[2023-12-29 18:54:00][478] Processed:  App\Jobs\ImportUnit
[2023-12-29 18:54:00][479] Processing: App\Jobs\ImportUnit
[2023-12-29 18:54:00][479] Processed:  App\Jobs\ImportUnit
[2023-12-29 18:54:00][480] Processing: App\Jobs\ImportUnit
[2023-12-29 18:54:00][480] Processed:  App\Jobs\ImportUnit
[2023-12-29 18:54:00][481] Processing: App\Jobs\ImportUnit
[2023-12-29 18:54:00][481] Processed:  App\Jobs\ImportUnit
[2023-12-29 18:54:00][482] Processing: App\Jobs\ImportUnit
[2023-12-29 18:54:00][482] Processed:  App\Jobs\ImportUnit
[2023-12-29 18:54:00][483] Processing: App\Jobs\ImportUnit
[2023-12-29 18:54:00][483] Processed:  App\Jobs\ImportUnit
[2023-12-29 18:54:00][484] Processing: App\Jobs\ImportUnit
[2023-12-29 18:54:00][484] Processed:  App\Jobs\ImportUnit
[2023-12-29 18:54:00][485] Processing: App\Jobs\ImportUnit
[2023-12-29 18:54:00][485] Processed:  App\Jobs\ImportUnit
[2023-12-29 18:54:00][486] Processing: App\Jobs\ImportUnit
[2023-12-29 18:54:00][486] Processed:  App\Jobs\ImportUnit
[2023-12-29 18:54:00][487] Processing: App\Jobs\ImportUnit
[2023-12-29 18:54:00][487] Processed:  App\Jobs\ImportUnit
[2023-12-29 18:54:00][488] Processing: App\Jobs\ImportUnit
[2023-12-29 18:54:00][488] Processed:  App\Jobs\ImportUnit
[2023-12-29 18:54:00][489] Processing: App\Jobs\ImportUnit
[2023-12-29 18:54:00][489] Processed:  App\Jobs\ImportUnit
[2023-12-29 18:54:00][490] Processing: App\Jobs\ImportUnit
[2023-12-29 18:54:00][490] Processed:  App\Jobs\ImportUnit
[2023-12-29 18:54:00][491] Processing: App\Jobs\ImportUnit
[2023-12-29 18:54:00][491] Processed:  App\Jobs\ImportUnit
[2023-12-29 18:54:00][492] Processing: App\Jobs\ImportUnit
[2023-12-29 18:54:00][492] Processed:  App\Jobs\ImportUnit
[2023-12-29 18:54:01][493] Processing: App\Jobs\ImportUnit
[2023-12-29 18:54:01][493] Processed:  App\Jobs\ImportUnit
[2023-12-29 18:54:01][494] Processing: App\Jobs\ImportUnit
[2023-12-29 18:54:01][494] Processed:  App\Jobs\ImportUnit
[2023-12-29 18:54:01][495] Processing: App\Jobs\ImportUnit
[2023-12-29 18:54:01][495] Processed:  App\Jobs\ImportUnit
[2023-12-29 18:54:01][496] Processing: App\Jobs\ImportUnit
[2023-12-29 18:54:01][496] Processed:  App\Jobs\ImportUnit
[2023-12-29 18:54:01][497] Processing: App\Jobs\ImportUnit
[2023-12-29 18:54:01][497] Processed:  App\Jobs\ImportUnit
[2023-12-29 18:54:01][498] Processing: App\Jobs\ImportUnit
[2023-12-29 18:54:01][498] Processed:  App\Jobs\ImportUnit
[2023-12-29 18:54:01][499] Processing: App\Jobs\ImportUnit
[2023-12-29 18:54:01][499] Processed:  App\Jobs\ImportUnit
[2023-12-29 18:54:01][500] Processing: App\Jobs\ImportUnit
[2023-12-29 18:54:01][500] Processed:  App\Jobs\ImportUnit
[2023-12-29 18:54:01][501] Processing: App\Jobs\ImportUnit
[2023-12-29 18:54:01][501] Processed:  App\Jobs\ImportUnit
[2023-12-29 18:54:01][502] Processing: App\Jobs\ImportUnit
[2023-12-29 18:54:01][502] Processed:  App\Jobs\ImportUnit
[2023-12-29 18:54:01][503] Processing: App\Jobs\ImportUnit
[2023-12-29 18:54:01][503] Processed:  App\Jobs\ImportUnit
[2023-12-29 18:54:01][504] Processing: App\Jobs\ImportUnit
[2023-12-29 18:54:01][504] Processed:  App\Jobs\ImportUnit
[2023-12-29 18:54:01][505] Processing: App\Jobs\ImportUnit
[2023-12-29 18:54:01][505] Processed:  App\Jobs\ImportUnit
[2023-12-29 18:54:01][506] Processing: App\Jobs\ImportUnit
[2023-12-29 18:54:01][506] Processed:  App\Jobs\ImportUnit
[2023-12-29 18:54:01][507] Processing: App\Jobs\ImportUnit
[2023-12-29 18:54:01][507] Processed:  App\Jobs\ImportUnit
[2023-12-29 18:54:01][508] Processing: App\Jobs\ImportUnit
[2023-12-29 18:54:01][508] Processed:  App\Jobs\ImportUnit
[2023-12-29 18:54:01][509] Processing: App\Jobs\ImportUnit
[2023-12-29 18:54:01][509] Processed:  App\Jobs\ImportUnit
[2023-12-29 18:54:01][510] Processing: App\Jobs\ImportUnit
[2023-12-29 18:54:01][510] Processed:  App\Jobs\ImportUnit
[2023-12-29 18:54:01][511] Processing: App\Jobs\ImportUnit
[2023-12-29 18:54:01][511] Processed:  App\Jobs\ImportUnit
[2023-12-29 18:54:01][512] Processing: App\Jobs\ImportUnit
[2023-12-29 18:54:01][512] Processed:  App\Jobs\ImportUnit
[2023-12-29 18:54:01][513] Processing: App\Jobs\ImportUnit
[2023-12-29 18:54:01][513] Processed:  App\Jobs\ImportUnit
[2023-12-29 18:54:01][514] Processing: App\Jobs\ImportUnit
[2023-12-29 18:54:01][514] Processed:  App\Jobs\ImportUnit
[2023-12-29 18:54:01][515] Processing: App\Jobs\ImportUnit
[2023-12-29 18:54:01][515] Processed:  App\Jobs\ImportUnit
[2023-12-29 18:54:01][516] Processing: App\Jobs\ImportUnit
[2023-12-29 18:54:01][516] Processed:  App\Jobs\ImportUnit
[2023-12-29 18:54:01][517] Processing: App\Jobs\ImportUnit
[2023-12-29 18:54:01][517] Processed:  App\Jobs\ImportUnit
[2023-12-29 18:54:01][518] Processing: App\Jobs\ImportUnit
[2023-12-29 18:54:01][518] Processed:  App\Jobs\ImportUnit
[2023-12-29 18:54:01][519] Processing: App\Jobs\ImportUnit
[2023-12-29 18:54:01][519] Processed:  App\Jobs\ImportUnit
[2023-12-29 18:54:01][520] Processing: App\Jobs\ImportUnit
[2023-12-29 18:54:01][520] Processed:  App\Jobs\ImportUnit
[2023-12-29 18:54:01][521] Processing: App\Jobs\ImportUnit
[2023-12-29 18:54:01][521] Processed:  App\Jobs\ImportUnit
[2023-12-29 18:54:01][522] Processing: App\Jobs\ImportUnit
[2023-12-29 18:54:01][522] Processed:  App\Jobs\ImportUnit
[2023-12-29 18:54:01][523] Processing: App\Jobs\ImportUnit
[2023-12-29 18:54:01][523] Processed:  App\Jobs\ImportUnit
[2023-12-29 18:54:01][524] Processing: App\Jobs\ImportUnit
[2023-12-29 18:54:01][524] Processed:  App\Jobs\ImportUnit
[2023-12-29 18:54:01][525] Processing: App\Jobs\ImportUnit
[2023-12-29 18:54:01][525] Processed:  App\Jobs\ImportUnit
[2023-12-29 18:54:01][526] Processing: App\Jobs\ImportUnit
[2023-12-29 18:54:01][526] Processed:  App\Jobs\ImportUnit
[2023-12-29 18:54:01][527] Processing: App\Jobs\ImportUnit
[2023-12-29 18:54:01][527] Processed:  App\Jobs\ImportUnit
[2023-12-29 18:54:01][528] Processing: App\Jobs\ImportUnit
[2023-12-29 18:54:01][528] Processed:  App\Jobs\ImportUnit
[2023-12-29 18:54:01][529] Processing: App\Jobs\ImportUnit
[2023-12-29 18:54:01][529] Processed:  App\Jobs\ImportUnit
[2023-12-29 18:54:01][530] Processing: App\Jobs\ImportUnit
[2023-12-29 18:54:01][530] Processed:  App\Jobs\ImportUnit
[2023-12-29 18:54:01][531] Processing: App\Jobs\ImportUnit
[2023-12-29 18:54:01][531] Processed:  App\Jobs\ImportUnit
[2023-12-29 18:54:01][532] Processing: App\Jobs\ImportUnit
[2023-12-29 18:54:01][532] Processed:  App\Jobs\ImportUnit
[2023-12-29 18:54:01][533] Processing: App\Jobs\ImportUnit
[2023-12-29 18:54:01][533] Processed:  App\Jobs\ImportUnit
[2023-12-29 18:54:01][534] Processing: App\Jobs\ImportUnit
[2023-12-29 18:54:01][534] Processed:  App\Jobs\ImportUnit
[2023-12-29 18:54:01][535] Processing: App\Jobs\ImportUnit
[2023-12-29 18:54:01][535] Processed:  App\Jobs\ImportUnit
[2023-12-29 18:54:01][536] Processing: App\Jobs\ImportUnit
[2023-12-29 18:54:01][536] Processed:  App\Jobs\ImportUnit
[2023-12-29 18:54:01][537] Processing: App\Jobs\ImportUnit
[2023-12-29 18:54:01][537] Processed:  App\Jobs\ImportUnit
[2023-12-29 18:54:01][538] Processing: App\Jobs\ImportUnit
[2023-12-29 18:54:01][538] Processed:  App\Jobs\ImportUnit
[2023-12-29 18:54:01][539] Processing: App\Jobs\ImportUnit
[2023-12-29 18:54:01][539] Processed:  App\Jobs\ImportUnit
[2023-12-29 18:54:01][540] Processing: App\Jobs\ImportUnit
[2023-12-29 18:54:01][540] Processed:  App\Jobs\ImportUnit
[2023-12-29 18:54:01][541] Processing: App\Jobs\ImportUnit
[2023-12-29 18:54:01][541] Processed:  App\Jobs\ImportUnit
[2023-12-29 18:54:01][542] Processing: App\Jobs\ImportUnit
[2023-12-29 18:54:01][542] Processed:  App\Jobs\ImportUnit
[2023-12-29 18:54:01][543] Processing: App\Jobs\ImportUnit
[2023-12-29 18:54:01][543] Processed:  App\Jobs\ImportUnit
[2023-12-29 18:54:01][544] Processing: App\Jobs\ImportUnit
[2023-12-29 18:54:01][544] Processed:  App\Jobs\ImportUnit
[2023-12-29 18:54:01][545] Processing: App\Jobs\ImportUnit
[2023-12-29 18:54:01][545] Processed:  App\Jobs\ImportUnit
[2023-12-29 18:54:01][546] Processing: App\Jobs\ImportUnit
[2023-12-29 18:54:01][546] Processed:  App\Jobs\ImportUnit
[2023-12-29 18:54:01][547] Processing: App\Jobs\ImportUnit
[2023-12-29 18:54:01][547] Processed:  App\Jobs\ImportUnit
[2023-12-29 18:54:01][548] Processing: App\Jobs\ImportUnit
[2023-12-29 18:54:01][548] Processed:  App\Jobs\ImportUnit
[2023-12-29 18:54:01][549] Processing: App\Jobs\ImportUnit
[2023-12-29 18:54:01][549] Processed:  App\Jobs\ImportUnit
[2023-12-29 18:54:01][550] Processing: App\Jobs\ImportUnit
[2023-12-29 18:54:01][550] Processed:  App\Jobs\ImportUnit
[2023-12-29 18:54:01][551] Processing: App\Jobs\ImportUnit
[2023-12-29 18:54:01][551] Processed:  App\Jobs\ImportUnit
[2023-12-29 18:54:01][552] Processing: App\Jobs\ImportUnit
[2023-12-29 18:54:01][552] Processed:  App\Jobs\ImportUnit
[2023-12-29 18:54:01][553] Processing: App\Jobs\ImportUnit
[2023-12-29 18:54:01][553] Processed:  App\Jobs\ImportUnit
[2023-12-29 18:54:01][554] Processing: App\Jobs\ImportUnit
[2023-12-29 18:54:01][554] Processed:  App\Jobs\ImportUnit
[2023-12-29 18:54:01][555] Processing: App\Jobs\ImportUnit
[2023-12-29 18:54:01][555] Processed:  App\Jobs\ImportUnit
[2023-12-29 18:54:01][556] Processing: App\Jobs\ImportUnit
[2023-12-29 18:54:01][556] Processed:  App\Jobs\ImportUnit
[2023-12-29 18:54:01][557] Processing: App\Jobs\ImportUnit
[2023-12-29 18:54:01][557] Processed:  App\Jobs\ImportUnit
[2023-12-29 18:54:01][558] Processing: App\Jobs\ImportUnit
[2023-12-29 18:54:01][558] Processed:  App\Jobs\ImportUnit
[2023-12-29 18:54:01][559] Processing: App\Jobs\ImportUnit
[2023-12-29 18:54:01][559] Processed:  App\Jobs\ImportUnit
[2023-12-29 18:54:01][560] Processing: App\Jobs\ImportUnit
[2023-12-29 18:54:01][560] Processed:  App\Jobs\ImportUnit
[2023-12-29 18:54:02][561] Processing: App\Jobs\ImportUnit
[2023-12-29 18:54:02][561] Processed:  App\Jobs\ImportUnit
[2023-12-29 18:54:02][562] Processing: App\Jobs\ImportUnit
[2023-12-29 18:54:02][562] Processed:  App\Jobs\ImportUnit
[2023-12-29 18:54:02][563] Processing: App\Jobs\ImportUnit
[2023-12-29 18:54:02][563] Processed:  App\Jobs\ImportUnit
[2023-12-29 18:54:02][564] Processing: App\Jobs\ImportUnit
[2023-12-29 18:54:02][564] Processed:  App\Jobs\ImportUnit
[2023-12-29 18:54:02][565] Processing: App\Jobs\ImportUnit
[2023-12-29 18:54:02][565] Processed:  App\Jobs\ImportUnit
[2023-12-29 18:54:02][566] Processing: App\Jobs\ImportUnit
[2023-12-29 18:54:02][566] Processed:  App\Jobs\ImportUnit
[2023-12-29 18:54:02][567] Processing: App\Jobs\ImportUnit
[2023-12-29 18:54:02][567] Processed:  App\Jobs\ImportUnit
[2023-12-29 18:54:02][568] Processing: App\Jobs\ImportUnit
[2023-12-29 18:54:02][568] Processed:  App\Jobs\ImportUnit
[2023-12-29 18:54:02][569] Processing: App\Jobs\ImportUnit
[2023-12-29 18:54:02][569] Processed:  App\Jobs\ImportUnit
[2023-12-29 18:54:02][570] Processing: App\Jobs\ImportUnit
[2023-12-29 18:54:02][570] Processed:  App\Jobs\ImportUnit
[2023-12-29 18:54:02][571] Processing: App\Jobs\ImportUnit
[2023-12-29 18:54:02][571] Processed:  App\Jobs\ImportUnit
[2023-12-29 18:54:02][572] Processing: App\Jobs\ImportUnit
[2023-12-29 18:54:02][572] Processed:  App\Jobs\ImportUnit
[2023-12-29 18:54:02][573] Processing: App\Jobs\ImportUnit
[2023-12-29 18:54:02][573] Processed:  App\Jobs\ImportUnit
[2023-12-29 18:54:02][574] Processing: App\Jobs\ImportUnit
[2023-12-29 18:54:02][574] Processed:  App\Jobs\ImportUnit
[2023-12-29 18:54:02][575] Processing: App\Jobs\ImportUnit
[2023-12-29 18:54:02][575] Processed:  App\Jobs\ImportUnit
[2023-12-29 18:54:02][576] Processing: App\Jobs\ImportUnit
[2023-12-29 18:54:02][576] Processed:  App\Jobs\ImportUnit
[2023-12-29 18:54:02][577] Processing: App\Jobs\ImportUnit
[2023-12-29 18:54:02][577] Processed:  App\Jobs\ImportUnit
[2023-12-29 18:54:02][578] Processing: App\Jobs\ImportUnit
[2023-12-29 18:54:02][578] Processed:  App\Jobs\ImportUnit
[2023-12-29 18:54:02][579] Processing: App\Jobs\ImportUnit
[2023-12-29 18:54:02][579] Processed:  App\Jobs\ImportUnit
[2023-12-29 18:54:02][580] Processing: App\Jobs\ImportUnit
[2023-12-29 18:54:02][580] Processed:  App\Jobs\ImportUnit
[2023-12-29 18:54:02][581] Processing: App\Jobs\ImportUnit
[2023-12-29 18:54:02][581] Processed:  App\Jobs\ImportUnit
[2023-12-29 18:54:02][582] Processing: App\Jobs\ImportUnit
[2023-12-29 18:54:02][582] Processed:  App\Jobs\ImportUnit
[2023-12-29 18:54:02][583] Processing: App\Jobs\ImportUnit
[2023-12-29 18:54:02][583] Processed:  App\Jobs\ImportUnit
[2023-12-29 18:54:02][584] Processing: App\Jobs\ImportUnit
[2023-12-29 18:54:02][584] Processed:  App\Jobs\ImportUnit
[2023-12-29 18:54:02][585] Processing: App\Jobs\ImportUnit
[2023-12-29 18:54:02][585] Processed:  App\Jobs\ImportUnit
[2023-12-29 18:54:02][586] Processing: App\Jobs\ImportUnit
[2023-12-29 18:54:02][586] Processed:  App\Jobs\ImportUnit
[2023-12-29 18:54:02][587] Processing: App\Jobs\ImportUnit
[2023-12-29 18:54:02][587] Processed:  App\Jobs\ImportUnit
[2023-12-29 18:54:02][588] Processing: App\Jobs\ImportUnit
[2023-12-29 18:54:02][588] Processed:  App\Jobs\ImportUnit
[2023-12-29 18:54:02][589] Processing: App\Jobs\ImportUnit
[2023-12-29 18:54:02][589] Processed:  App\Jobs\ImportUnit
[2023-12-29 18:54:02][590] Processing: App\Jobs\ImportUnit
[2023-12-29 18:54:02][590] Processed:  App\Jobs\ImportUnit
[2023-12-29 18:54:02][591] Processing: App\Jobs\ImportUnit
[2023-12-29 18:54:02][591] Processed:  App\Jobs\ImportUnit
[2023-12-29 18:54:02][592] Processing: App\Jobs\ImportUnit
[2023-12-29 18:54:02][592] Processed:  App\Jobs\ImportUnit
[2023-12-29 18:54:02][593] Processing: App\Jobs\ImportUnit
[2023-12-29 18:54:02][593] Processed:  App\Jobs\ImportUnit
[2023-12-29 18:54:02][594] Processing: App\Jobs\ImportUnit
[2023-12-29 18:54:02][594] Processed:  App\Jobs\ImportUnit
[2023-12-29 18:54:02][595] Processing: App\Jobs\ImportUnit
[2023-12-29 18:54:02][595] Processed:  App\Jobs\ImportUnit
[2023-12-29 18:54:02][596] Processing: App\Jobs\ImportUnit
[2023-12-29 18:54:02][596] Processed:  App\Jobs\ImportUnit
[2023-12-29 18:54:02][597] Processing: App\Jobs\ImportUnit
[2023-12-29 18:54:02][597] Processed:  App\Jobs\ImportUnit
[2023-12-29 18:54:02][598] Processing: App\Jobs\ImportUnit
[2023-12-29 18:54:02][598] Processed:  App\Jobs\ImportUnit
[2023-12-29 18:54:02][599] Processing: App\Jobs\ImportUnit
[2023-12-29 18:54:02][599] Processed:  App\Jobs\ImportUnit
[2023-12-29 18:54:02][600] Processing: App\Jobs\ImportUnit
[2023-12-29 18:54:02][600] Processed:  App\Jobs\ImportUnit
[2023-12-29 18:54:02][601] Processing: App\Jobs\ImportUnit
[2023-12-29 18:54:02][601] Processed:  App\Jobs\ImportUnit
[2023-12-29 18:54:02][602] Processing: App\Jobs\ImportUnit
[2023-12-29 18:54:02][602] Processed:  App\Jobs\ImportUnit
[2023-12-29 18:54:02][603] Processing: App\Jobs\ImportUnit
[2023-12-29 18:54:02][603] Processed:  App\Jobs\ImportUnit
[2023-12-29 18:54:02][604] Processing: App\Jobs\ImportUnit
[2023-12-29 18:54:02][604] Processed:  App\Jobs\ImportUnit
[2023-12-29 18:54:02][605] Processing: App\Jobs\ImportUnit
[2023-12-29 18:54:02][605] Processed:  App\Jobs\ImportUnit
[2023-12-29 18:54:02][606] Processing: App\Jobs\ImportUnit
[2023-12-29 18:54:02][606] Processed:  App\Jobs\ImportUnit
[2023-12-29 18:54:02][607] Processing: App\Jobs\ImportUnit
[2023-12-29 18:54:02][607] Processed:  App\Jobs\ImportUnit
[2023-12-29 18:54:02][608] Processing: App\Jobs\ImportUnit
[2023-12-29 18:54:02][608] Processed:  App\Jobs\ImportUnit
[2023-12-29 18:54:02][609] Processing: App\Jobs\ImportUnit
[2023-12-29 18:54:02][609] Processed:  App\Jobs\ImportUnit
[2023-12-29 18:54:02][610] Processing: App\Jobs\ImportUnit
[2023-12-29 18:54:02][610] Processed:  App\Jobs\ImportUnit
[2023-12-29 18:54:02][611] Processing: App\Jobs\ImportUnit
[2023-12-29 18:54:02][611] Processed:  App\Jobs\ImportUnit
[2023-12-29 18:54:02][612] Processing: App\Jobs\ImportUnit
[2023-12-29 18:54:02][612] Processed:  App\Jobs\ImportUnit
[2023-12-29 18:54:02][613] Processing: App\Jobs\ImportUnit
[2023-12-29 18:54:02][613] Processed:  App\Jobs\ImportUnit
[2023-12-29 18:54:02][614] Processing: App\Jobs\ImportUnit
[2023-12-29 18:54:02][614] Processed:  App\Jobs\ImportUnit
[2023-12-29 18:54:02][615] Processing: App\Jobs\ImportUnit
[2023-12-29 18:54:02][615] Processed:  App\Jobs\ImportUnit
[2023-12-29 18:54:02][616] Processing: App\Jobs\ImportUnit
[2023-12-29 18:54:02][616] Processed:  App\Jobs\ImportUnit
[2023-12-29 18:54:02][617] Processing: App\Jobs\ImportUnit
[2023-12-29 18:54:02][617] Processed:  App\Jobs\ImportUnit
[2023-12-29 18:54:02][618] Processing: App\Jobs\ImportUnit
[2023-12-29 18:54:02][618] Processed:  App\Jobs\ImportUnit
[2023-12-29 18:54:02][619] Processing: App\Jobs\ImportUnit
[2023-12-29 18:54:02][619] Processed:  App\Jobs\ImportUnit
[2023-12-29 18:54:02][620] Processing: App\Jobs\ImportUnit
[2023-12-29 18:54:02][620] Processed:  App\Jobs\ImportUnit
[2023-12-29 18:54:02][621] Processing: App\Jobs\ImportUnit
[2023-12-29 18:54:02][621] Processed:  App\Jobs\ImportUnit
[2023-12-29 18:54:02][622] Processing: App\Jobs\ImportUnit
[2023-12-29 18:54:02][622] Processed:  App\Jobs\ImportUnit
